2023-05-27 12:15:12,005 - DEBUG - Using proactor: IocpProactor
2023-05-27 12:15:12,006 - DEBUG - Make request: "getMe" with data: "{}" and files "None"
2023-05-27 12:15:12,184 - DEBUG - Response for getMe: [200] "'{"ok":true,"result":{"id":6044389119,"is_bot":true,"first_name":"Desserts","username":"Desserrs_bot","can_join_groups":true,"can_read_all_group_messages":false,"supports_inline_queries":false}}'"
2023-05-27 12:15:12,184 - INFO - Bot: Desserts [@Desserrs_bot]
2023-05-27 12:15:12,184 - DEBUG - Make request: "getWebhookInfo" with data: "{}" and files "None"
2023-05-27 12:15:12,240 - DEBUG - Response for getWebhookInfo: [200] "'{"ok":true,"result":{"url":"","has_custom_certificate":false,"pending_update_count":0}}'"
2023-05-27 12:15:12,240 - DEBUG - Make request: "deleteWebhook" with data: "{'drop_pending_updates': True}" and files "None"
2023-05-27 12:15:12,298 - DEBUG - Response for deleteWebhook: [200] "'{"ok":true,"result":true,"description":"Webhook is already deleted"}'"
2023-05-27 12:15:12,298 - WARNING - Updates were skipped successfully.
2023-05-27 12:15:12,298 - INFO - Start polling.
2023-05-27 12:15:12,299 - DEBUG - Make request: "getWebhookInfo" with data: "{}" and files "None"
2023-05-27 12:15:12,357 - DEBUG - Response for getWebhookInfo: [200] "'{"ok":true,"result":{"url":"","has_custom_certificate":false,"pending_update_count":0}}'"
2023-05-27 12:15:12,358 - DEBUG - Make request: "getUpdates" with data: "{'timeout': 20}" and files "None"
2023-05-27 12:15:32,441 - DEBUG - Response for getUpdates: [200] "'{"ok":true,"result":[]}'"
2023-05-27 12:15:32,559 - DEBUG - Make request: "getUpdates" with data: "{'timeout': 20}" and files "None"
2023-05-27 12:15:37,179 - DEBUG - Response for getUpdates: [200] "'{"ok":true,"result":[{"update_id":982193319,\n"message":{"message_id":359,"from":{"id":1908084892,"is_bot":false,"first_name":"Mr.","last_name":"rejaf","username":"Mrrejaf","language_code":"ru"},"chat":{"id":1908084892,"first_name":"Mr.","last_name":"rejaf","username":"Mrrejaf","type":"private"},"date":1685178938,"text":"/start","entities":[{"offset":0,"length":6,"type":"bot_command"}]}}]}'"
2023-05-27 12:15:37,180 - DEBUG - Received 1 updates.
2023-05-27 12:15:37,181 - DEBUG - Make request: "sendMessage" with data: "{'chat_id': 1908084892, 'text': 'Привет, я бот который подскажет какой десерт можно приготовить\U0001f967\U0001f366', 'reply_markup': '{"resize_keybord": true, "inline_keyboard": [[{"text": "Указать продукты\U0001f36f\U0001f330\U0001f95b", "callback_data": "dessert_product"}], [{"text": "Выбрать рецепт десерта\U0001f370", "callback_data": "choose_dessert"}], [{"text": "другие наши боты\U0001f916", "url": "https://t.me/Rejaf_76_bot"}]]}'}" and files "None"
2023-05-27 12:15:37,272 - DEBUG - Response for sendMessage: [200] "'{"ok":true,"result":{"message_id":360,"from":{"id":6044389119,"is_bot":true,"first_name":"Desserts","username":"Desserrs_bot"},"chat":{"id":1908084892,"first_name":"Mr.","last_name":"rejaf","username":"Mrrejaf","type":"private"},"date":1685178938,"text":"\\u041f\\u0440\\u0438\\u0432\\u0435\\u0442, \\u044f \\u0431\\u043e\\u0442 \\u043a\\u043e\\u0442\\u043e\\u0440\\u044b\\u0439 \\u043f\\u043e\\u0434\\u0441\\u043a\\u0430\\u0436\\u0435\\u0442 \\u043a\\u0430\\u043a\\u043e\\u0439 \\u0434\\u0435\\u0441\\u0435\\u0440\\u0442 \\u043c\\u043e\\u0436\\u043d\\u043e \\u043f\\u0440\\u0438\\u0433\\u043e\\u0442\\u043e\\u0432\\u0438\\u0442\\u044c\\ud83e\\udd67\\ud83c\\udf66","reply_markup":{"inline_keyboard":[[{"text":"\\u0423\\u043a\\u0430\\u0437\\u0430\\u0442\\u044c \\u043f\\u0440\\u043e\\u0434\\u0443\\u043a\\u0442\\u044b\\ud83c\\udf6f\\ud83c\\udf30\\ud83e\\udd5b","callback_data":"dessert_product"}],[{"text":"\\u0412\\u044b\\u0431\\u0440\\u0430\\u0442\\u044c \\u0440\\u0435\\u0446\\u0435\\u043f\\u0442 \\u0434\\u0435\\u0441\\u0435\\u0440\\u0442\\u0430\\ud83c\\udf70","callback_data":"choose_dessert"}],[{"text":"\\u0434\\u0440\\u0443\\u0433\\u0438\\u0435 \\u043d\\u0430\\u0448\\u0438 \\u0431\\u043e\\u0442\\u044b\\ud83e\\udd16","url":"https://t.me/Rejaf_76_bot"}]]}}}'"
2023-05-27 12:15:37,284 - DEBUG - Make request: "getUpdates" with data: "{'offset': 982193320, 'timeout': 20}" and files "None"
2023-05-27 12:15:57,426 - DEBUG - Response for getUpdates: [200] "'{"ok":true,"result":[]}'"
2023-05-27 12:15:57,542 - DEBUG - Make request: "getUpdates" with data: "{'offset': 982193320, 'timeout': 20}" and files "None"
2023-05-27 12:16:13,134 - DEBUG - Response for getUpdates: [200] "'{"ok":true,"result":[{"update_id":982193320,\n"callback_query":{"id":"8195162211620014972","from":{"id":1908084892,"is_bot":false,"first_name":"Mr.","last_name":"rejaf","username":"Mrrejaf","language_code":"ru"},"message":{"message_id":360,"from":{"id":6044389119,"is_bot":true,"first_name":"Desserts","username":"Desserrs_bot"},"chat":{"id":1908084892,"first_name":"Mr.","last_name":"rejaf","username":"Mrrejaf","type":"private"},"date":1685178938,"text":"\\u041f\\u0440\\u0438\\u0432\\u0435\\u0442, \\u044f \\u0431\\u043e\\u0442 \\u043a\\u043e\\u0442\\u043e\\u0440\\u044b\\u0439 \\u043f\\u043e\\u0434\\u0441\\u043a\\u0430\\u0436\\u0435\\u0442 \\u043a\\u0430\\u043a\\u043e\\u0439 \\u0434\\u0435\\u0441\\u0435\\u0440\\u0442 \\u043c\\u043e\\u0436\\u043d\\u043e \\u043f\\u0440\\u0438\\u0433\\u043e\\u0442\\u043e\\u0432\\u0438\\u0442\\u044c\\ud83e\\udd67\\ud83c\\udf66","reply_markup":{"inline_keyboard":[[{"text":"\\u0423\\u043a\\u0430\\u0437\\u0430\\u0442\\u044c \\u043f\\u0440\\u043e\\u0434\\u0443\\u043a\\u0442\\u044b\\ud83c\\udf6f\\ud83c\\udf30\\ud83e\\udd5b","callback_data":"dessert_product"}],[{"text":"\\u0412\\u044b\\u0431\\u0440\\u0430\\u0442\\u044c \\u0440\\u0435\\u0446\\u0435\\u043f\\u0442 \\u0434\\u0435\\u0441\\u0435\\u0440\\u0442\\u0430\\ud83c\\udf70","callback_data":"choose_dessert"}],[{"text":"\\u0434\\u0440\\u0443\\u0433\\u0438\\u0435 \\u043d\\u0430\\u0448\\u0438 \\u0431\\u043e\\u0442\\u044b\\ud83e\\udd16","url":"https://t.me/Rejaf_76_bot"}]]}},"chat_instance":"-5499674125310163006","data":"choose_dessert"}}]}'"
2023-05-27 12:16:13,135 - DEBUG - Received 1 updates.
2023-05-27 12:16:13,137 - DEBUG - Make request: "answerCallbackQuery" with data: "{'callback_query_id': '8195162211620014972'}" and files "None"
2023-05-27 12:16:13,247 - DEBUG - Make request: "getUpdates" with data: "{'offset': 982193321, 'timeout': 20}" and files "None"
2023-05-27 12:16:13,300 - DEBUG - Response for answerCallbackQuery: [200] "'{"ok":true,"result":true}'"
2023-05-27 12:16:13,301 - DEBUG - Make request: "sendMessage" with data: "{'chat_id': 1908084892, 'text': 'Выберите что вы хотите приготовить\U0001f370\U0001f9c1\U0001f967\U0001f366\U0001f36a', 'reply_markup': '{"resize_keybord": true, "inline_keyboard": [[{"text": "Пироги", "callback_data": "Пироги"}, {"text": "Торты", "callback_data": "Торты"}, {"text": "Фруктовые салаты", "callback_data": "Фруктовые салаты"}], [{"text": "Печенье", "callback_data": "Печенье"}, {"text": "Пирожные", "callback_data": "Пирожные"}, {"text": "Суфле", "callback_data": "Суфле"}], [{"text": "Чизкейк", "callback_data": "Чизкейк"}, {"text": "Эклер", "callback_data": "Эклер"}, {"text": "Кексы", "callback_data": "Кексы"}, {"text": "Муссы", "callback_data": "Муссы"}], [{"text": "Фонтан", "callback_data": "Фонтан"}, {"text": "Конфеты", "callback_data": "Конфеты"}, {"text": "Мороженое", "callback_data": "Мороженое"}]]}'}" and files "None"
2023-05-27 12:16:13,480 - DEBUG - Response for sendMessage: [200] "'{"ok":true,"result":{"message_id":361,"from":{"id":6044389119,"is_bot":true,"first_name":"Desserts","username":"Desserrs_bot"},"chat":{"id":1908084892,"first_name":"Mr.","last_name":"rejaf","username":"Mrrejaf","type":"private"},"date":1685178974,"text":"\\u0412\\u044b\\u0431\\u0435\\u0440\\u0438\\u0442\\u0435 \\u0447\\u0442\\u043e \\u0432\\u044b \\u0445\\u043e\\u0442\\u0438\\u0442\\u0435 \\u043f\\u0440\\u0438\\u0433\\u043e\\u0442\\u043e\\u0432\\u0438\\u0442\\u044c\\ud83c\\udf70\\ud83e\\uddc1\\ud83e\\udd67\\ud83c\\udf66\\ud83c\\udf6a","reply_markup":{"inline_keyboard":[[{"text":"\\u041f\\u0438\\u0440\\u043e\\u0433\\u0438","callback_data":"\\u041f\\u0438\\u0440\\u043e\\u0433\\u0438"},{"text":"\\u0422\\u043e\\u0440\\u0442\\u044b","callback_data":"\\u0422\\u043e\\u0440\\u0442\\u044b"},{"text":"\\u0424\\u0440\\u0443\\u043a\\u0442\\u043e\\u0432\\u044b\\u0435 \\u0441\\u0430\\u043b\\u0430\\u0442\\u044b","callback_data":"\\u0424\\u0440\\u0443\\u043a\\u0442\\u043e\\u0432\\u044b\\u0435 \\u0441\\u0430\\u043b\\u0430\\u0442\\u044b"}],[{"text":"\\u041f\\u0435\\u0447\\u0435\\u043d\\u044c\\u0435","callback_data":"\\u041f\\u0435\\u0447\\u0435\\u043d\\u044c\\u0435"},{"text":"\\u041f\\u0438\\u0440\\u043e\\u0436\\u043d\\u044b\\u0435","callback_data":"\\u041f\\u0438\\u0440\\u043e\\u0436\\u043d\\u044b\\u0435"},{"text":"\\u0421\\u0443\\u0444\\u043b\\u0435","callback_data":"\\u0421\\u0443\\u0444\\u043b\\u0435"}],[{"text":"\\u0427\\u0438\\u0437\\u043a\\u0435\\u0439\\u043a","callback_data":"\\u0427\\u0438\\u0437\\u043a\\u0435\\u0439\\u043a"},{"text":"\\u042d\\u043a\\u043b\\u0435\\u0440","callback_data":"\\u042d\\u043a\\u043b\\u0435\\u0440"},{"text":"\\u041a\\u0435\\u043a\\u0441\\u044b","callback_data":"\\u041a\\u0435\\u043a\\u0441\\u044b"},{"text":"\\u041c\\u0443\\u0441\\u0441\\u044b","callback_data":"\\u041c\\u0443\\u0441\\u0441\\u044b"}],[{"text":"\\u0424\\u043e\\u043d\\u0442\\u0430\\u043d","callback_data":"\\u0424\\u043e\\u043d\\u0442\\u0430\\u043d"},{"text":"\\u041a\\u043e\\u043d\\u0444\\u0435\\u0442\\u044b","callback_data":"\\u041a\\u043e\\u043d\\u0444\\u0435\\u0442\\u044b"},{"text":"\\u041c\\u043e\\u0440\\u043e\\u0436\\u0435\\u043d\\u043e\\u0435","callback_data":"\\u041c\\u043e\\u0440\\u043e\\u0436\\u0435\\u043d\\u043e\\u0435"}]]}}}'"
2023-05-27 12:16:16,884 - DEBUG - Response for getUpdates: [200] "'{"ok":true,"result":[{"update_id":982193321,\n"callback_query":{"id":"8195162210561244096","from":{"id":1908084892,"is_bot":false,"first_name":"Mr.","last_name":"rejaf","username":"Mrrejaf","language_code":"ru"},"message":{"message_id":361,"from":{"id":6044389119,"is_bot":true,"first_name":"Desserts","username":"Desserrs_bot"},"chat":{"id":1908084892,"first_name":"Mr.","last_name":"rejaf","username":"Mrrejaf","type":"private"},"date":1685178974,"text":"\\u0412\\u044b\\u0431\\u0435\\u0440\\u0438\\u0442\\u0435 \\u0447\\u0442\\u043e \\u0432\\u044b \\u0445\\u043e\\u0442\\u0438\\u0442\\u0435 \\u043f\\u0440\\u0438\\u0433\\u043e\\u0442\\u043e\\u0432\\u0438\\u0442\\u044c\\ud83c\\udf70\\ud83e\\uddc1\\ud83e\\udd67\\ud83c\\udf66\\ud83c\\udf6a","reply_markup":{"inline_keyboard":[[{"text":"\\u041f\\u0438\\u0440\\u043e\\u0433\\u0438","callback_data":"\\u041f\\u0438\\u0440\\u043e\\u0433\\u0438"},{"text":"\\u0422\\u043e\\u0440\\u0442\\u044b","callback_data":"\\u0422\\u043e\\u0440\\u0442\\u044b"},{"text":"\\u0424\\u0440\\u0443\\u043a\\u0442\\u043e\\u0432\\u044b\\u0435 \\u0441\\u0430\\u043b\\u0430\\u0442\\u044b","callback_data":"\\u0424\\u0440\\u0443\\u043a\\u0442\\u043e\\u0432\\u044b\\u0435 \\u0441\\u0430\\u043b\\u0430\\u0442\\u044b"}],[{"text":"\\u041f\\u0435\\u0447\\u0435\\u043d\\u044c\\u0435","callback_data":"\\u041f\\u0435\\u0447\\u0435\\u043d\\u044c\\u0435"},{"text":"\\u041f\\u0438\\u0440\\u043e\\u0436\\u043d\\u044b\\u0435","callback_data":"\\u041f\\u0438\\u0440\\u043e\\u0436\\u043d\\u044b\\u0435"},{"text":"\\u0421\\u0443\\u0444\\u043b\\u0435","callback_data":"\\u0421\\u0443\\u0444\\u043b\\u0435"}],[{"text":"\\u0427\\u0438\\u0437\\u043a\\u0435\\u0439\\u043a","callback_data":"\\u0427\\u0438\\u0437\\u043a\\u0435\\u0439\\u043a"},{"text":"\\u042d\\u043a\\u043b\\u0435\\u0440","callback_data":"\\u042d\\u043a\\u043b\\u0435\\u0440"},{"text":"\\u041a\\u0435\\u043a\\u0441\\u044b","callback_data":"\\u041a\\u0435\\u043a\\u0441\\u044b"},{"text":"\\u041c\\u0443\\u0441\\u0441\\u044b","callback_data":"\\u041c\\u0443\\u0441\\u0441\\u044b"}],[{"text":"\\u0424\\u043e\\u043d\\u0442\\u0430\\u043d","callback_data":"\\u0424\\u043e\\u043d\\u0442\\u0430\\u043d"},{"text":"\\u041a\\u043e\\u043d\\u0444\\u0435\\u0442\\u044b","callback_data":"\\u041a\\u043e\\u043d\\u0444\\u0435\\u0442\\u044b"},{"text":"\\u041c\\u043e\\u0440\\u043e\\u0436\\u0435\\u043d\\u043e\\u0435","callback_data":"\\u041c\\u043e\\u0440\\u043e\\u0436\\u0435\\u043d\\u043e\\u0435"}]]}},"chat_instance":"-5499674125310163006","data":"\\u041f\\u0438\\u0440\\u043e\\u0433\\u0438"}}]}'"
2023-05-27 12:16:16,886 - DEBUG - Received 1 updates.
2023-05-27 12:16:16,887 - DEBUG - Make request: "answerCallbackQuery" with data: "{'callback_query_id': '8195162210561244096'}" and files "None"
2023-05-27 12:16:16,955 - DEBUG - Response for answerCallbackQuery: [200] "'{"ok":true,"result":true}'"
2023-05-27 12:16:16,960 - DEBUG - Starting new HTTPS connection (1): www.russianfood.com:443
2023-05-27 12:16:17,349 - DEBUG - https://www.russianfood.com:443 "GET /search/simple/index.php?ssgrtype=bytype&sskw_title=%CF%E8%F0%EE%E3%E8&tag_tree%5B1%5D%5B%5D=45&page=0 HTTP/1.1" 200 None
2023-05-27 12:16:17,472 - DEBUG - Starting new HTTPS connection (1): www.russianfood.com:443
2023-05-27 12:16:17,816 - DEBUG - https://www.russianfood.com:443 "GET /search/simple/index.php?ssgrtype=bytype&sskw_title=%CF%E8%F0%EE%E3%E8&tag_tree%5B1%5D%5B%5D=45& HTTP/1.1" 200 None
2023-05-27 12:16:17,915 - DEBUG - Starting new HTTPS connection (1): www.russianfood.com:443
2023-05-27 12:16:18,236 - DEBUG - https://www.russianfood.com:443 "GET /search/simple/index.php?ssgrtype=bytype&sskw_title=%CF%E8%F0%EE%E3%E8&tag_tree%5B1%5D%5B%5D=45&page=2 HTTP/1.1" 200 None
2023-05-27 12:16:18,358 - DEBUG - Starting new HTTPS connection (1): www.russianfood.com:443
2023-05-27 12:16:18,608 - DEBUG - https://www.russianfood.com:443 "GET /search/simple/index.php?ssgrtype=bytype&sskw_title=%CF%E8%F0%EE%E3%E8&tag_tree%5B1%5D%5B%5D=45&page=3 HTTP/1.1" 200 None
2023-05-27 12:16:18,736 - DEBUG - Make request: "sendMessage" with data: "{'chat_id': 1908084892, 'text': 'Название: Яблочный пирог с изюмом \nСсылка: https://www.russianfood.com/recipes/recipe.php?rid=115623'}" and files "None"
2023-05-27 12:16:18,737 - DEBUG - Make request: "getUpdates" with data: "{'offset': 982193322, 'timeout': 20}" and files "None"
2023-05-27 12:16:18,833 - DEBUG - Response for sendMessage: [200] "'{"ok":true,"result":{"message_id":362,"from":{"id":6044389119,"is_bot":true,"first_name":"Desserts","username":"Desserrs_bot"},"chat":{"id":1908084892,"first_name":"Mr.","last_name":"rejaf","username":"Mrrejaf","type":"private"},"date":1685178979,"text":"\\u041d\\u0430\\u0437\\u0432\\u0430\\u043d\\u0438\\u0435: \\u042f\\u0431\\u043b\\u043e\\u0447\\u043d\\u044b\\u0439 \\u043f\\u0438\\u0440\\u043e\\u0433 \\u0441 \\u0438\\u0437\\u044e\\u043c\\u043e\\u043c \\n\\u0421\\u0441\\u044b\\u043b\\u043a\\u0430: https://www.russianfood.com/recipes/recipe.php?rid=115623","entities":[{"offset":43,"length":57,"type":"url"}]}}'"
2023-05-27 12:16:18,833 - DEBUG - Make request: "sendMessage" with data: "{'chat_id': 1908084892, 'text': 'Название: Яблочный пирог с шоколадом и орехами \nСсылка: https://www.russianfood.com/recipes/recipe.php?rid=149017'}" and files "None"
2023-05-27 12:16:18,963 - DEBUG - Response for sendMessage: [200] "'{"ok":true,"result":{"message_id":363,"from":{"id":6044389119,"is_bot":true,"first_name":"Desserts","username":"Desserrs_bot"},"chat":{"id":1908084892,"first_name":"Mr.","last_name":"rejaf","username":"Mrrejaf","type":"private"},"date":1685178979,"text":"\\u041d\\u0430\\u0437\\u0432\\u0430\\u043d\\u0438\\u0435: \\u042f\\u0431\\u043b\\u043e\\u0447\\u043d\\u044b\\u0439 \\u043f\\u0438\\u0440\\u043e\\u0433 \\u0441 \\u0448\\u043e\\u043a\\u043e\\u043b\\u0430\\u0434\\u043e\\u043c \\u0438 \\u043e\\u0440\\u0435\\u0445\\u0430\\u043c\\u0438 \\n\\u0421\\u0441\\u044b\\u043b\\u043a\\u0430: https://www.russianfood.com/recipes/recipe.php?rid=149017","entities":[{"offset":56,"length":57,"type":"url"}]}}'"
2023-05-27 12:16:18,965 - DEBUG - Make request: "sendMessage" with data: "{'chat_id': 1908084892, 'text': 'Название: Песочный пирог "Слёзы ангела" с творожной начинкой и меренгой \nСсылка: https://www.russianfood.com/recipes/recipe.php?rid=155411', 'reply_markup': '{"resize_keybord": true, "inline_keyboard": [[{"text": "Указать продукты\U0001f36f\U0001f330\U0001f95b", "callback_data": "dessert_product"}], [{"text": "Выбрать рецепт десерта\U0001f370", "callback_data": "choose_dessert"}], [{"text": "другие наши боты\U0001f916", "url": "https://t.me/Rejaf_76_bot"}]]}'}" and files "None"
2023-05-27 12:16:19,078 - DEBUG - Response for sendMessage: [200] "'{"ok":true,"result":{"message_id":364,"from":{"id":6044389119,"is_bot":true,"first_name":"Desserts","username":"Desserrs_bot"},"chat":{"id":1908084892,"first_name":"Mr.","last_name":"rejaf","username":"Mrrejaf","type":"private"},"date":1685178979,"text":"\\u041d\\u0430\\u0437\\u0432\\u0430\\u043d\\u0438\\u0435: \\u041f\\u0435\\u0441\\u043e\\u0447\\u043d\\u044b\\u0439 \\u043f\\u0438\\u0440\\u043e\\u0433 \\"\\u0421\\u043b\\u0451\\u0437\\u044b \\u0430\\u043d\\u0433\\u0435\\u043b\\u0430\\" \\u0441 \\u0442\\u0432\\u043e\\u0440\\u043e\\u0436\\u043d\\u043e\\u0439 \\u043d\\u0430\\u0447\\u0438\\u043d\\u043a\\u043e\\u0439 \\u0438 \\u043c\\u0435\\u0440\\u0435\\u043d\\u0433\\u043e\\u0439 \\n\\u0421\\u0441\\u044b\\u043b\\u043a\\u0430: https://www.russianfood.com/recipes/recipe.php?rid=155411","entities":[{"offset":81,"length":57,"type":"url"}],"reply_markup":{"inline_keyboard":[[{"text":"\\u0423\\u043a\\u0430\\u0437\\u0430\\u0442\\u044c \\u043f\\u0440\\u043e\\u0434\\u0443\\u043a\\u0442\\u044b\\ud83c\\udf6f\\ud83c\\udf30\\ud83e\\udd5b","callback_data":"dessert_product"}],[{"text":"\\u0412\\u044b\\u0431\\u0440\\u0430\\u0442\\u044c \\u0440\\u0435\\u0446\\u0435\\u043f\\u0442 \\u0434\\u0435\\u0441\\u0435\\u0440\\u0442\\u0430\\ud83c\\udf70","callback_data":"choose_dessert"}],[{"text":"\\u0434\\u0440\\u0443\\u0433\\u0438\\u0435 \\u043d\\u0430\\u0448\\u0438 \\u0431\\u043e\\u0442\\u044b\\ud83e\\udd16","url":"https://t.me/Rejaf_76_bot"}]]}}}'"
2023-05-27 12:16:38,897 - DEBUG - Response for getUpdates: [200] "'{"ok":true,"result":[]}'"
2023-05-27 12:16:39,010 - DEBUG - Make request: "getUpdates" with data: "{'offset': 982193322, 'timeout': 20}" and files "None"
2023-05-27 12:16:59,068 - DEBUG - Response for getUpdates: [200] "'{"ok":true,"result":[]}'"
2023-05-27 12:16:59,177 - DEBUG - Make request: "getUpdates" with data: "{'offset': 982193322, 'timeout': 20}" and files "None"
2023-05-27 12:17:19,233 - DEBUG - Response for getUpdates: [200] "'{"ok":true,"result":[]}'"
2023-05-27 12:17:19,341 - DEBUG - Make request: "getUpdates" with data: "{'offset': 982193322, 'timeout': 20}" and files "None"
2023-05-27 12:17:39,413 - DEBUG - Response for getUpdates: [200] "'{"ok":true,"result":[]}'"
2023-05-27 12:17:39,523 - DEBUG - Make request: "getUpdates" with data: "{'offset': 982193322, 'timeout': 20}" and files "None"
2023-05-27 12:17:59,688 - DEBUG - Response for getUpdates: [200] "'{"ok":true,"result":[]}'"
2023-05-27 12:17:59,799 - DEBUG - Make request: "getUpdates" with data: "{'offset': 982193322, 'timeout': 20}" and files "None"
2023-05-27 12:18:19,859 - DEBUG - Response for getUpdates: [200] "'{"ok":true,"result":[]}'"
2023-05-27 12:18:19,975 - DEBUG - Make request: "getUpdates" with data: "{'offset': 982193322, 'timeout': 20}" and files "None"
2023-05-27 12:18:40,135 - DEBUG - Response for getUpdates: [200] "'{"ok":true,"result":[]}'"
2023-05-27 12:18:40,241 - DEBUG - Make request: "getUpdates" with data: "{'offset': 982193322, 'timeout': 20}" and files "None"
2023-05-27 12:19:00,307 - DEBUG - Response for getUpdates: [200] "'{"ok":true,"result":[]}'"
2023-05-27 12:19:00,419 - DEBUG - Make request: "getUpdates" with data: "{'offset': 982193322, 'timeout': 20}" and files "None"
2023-05-27 12:19:20,580 - DEBUG - Response for getUpdates: [200] "'{"ok":true,"result":[]}'"
2023-05-27 12:19:20,682 - DEBUG - Make request: "getUpdates" with data: "{'offset': 982193322, 'timeout': 20}" and files "None"
2023-05-27 12:19:40,754 - DEBUG - Response for getUpdates: [200] "'{"ok":true,"result":[]}'"
2023-05-27 12:19:40,862 - DEBUG - Make request: "getUpdates" with data: "{'offset': 982193322, 'timeout': 20}" and files "None"
2023-05-27 12:20:00,926 - DEBUG - Response for getUpdates: [200] "'{"ok":true,"result":[]}'"
2023-05-27 12:20:01,036 - DEBUG - Make request: "getUpdates" with data: "{'offset': 982193322, 'timeout': 20}" and files "None"
2023-05-27 12:20:21,097 - DEBUG - Response for getUpdates: [200] "'{"ok":true,"result":[]}'"
2023-05-27 12:20:21,206 - DEBUG - Make request: "getUpdates" with data: "{'offset': 982193322, 'timeout': 20}" and files "None"
2023-05-27 12:20:41,268 - DEBUG - Response for getUpdates: [200] "'{"ok":true,"result":[]}'"
2023-05-27 12:20:41,375 - DEBUG - Make request: "getUpdates" with data: "{'offset': 982193322, 'timeout': 20}" and files "None"
2023-05-27 12:21:01,441 - DEBUG - Response for getUpdates: [200] "'{"ok":true,"result":[]}'"
2023-05-27 12:21:01,555 - DEBUG - Make request: "getUpdates" with data: "{'offset': 982193322, 'timeout': 20}" and files "None"
2023-05-27 12:21:21,715 - DEBUG - Response for getUpdates: [200] "'{"ok":true,"result":[]}'"
2023-05-27 12:21:21,831 - DEBUG - Make request: "getUpdates" with data: "{'offset': 982193322, 'timeout': 20}" and files "None"
2023-05-27 12:21:41,990 - DEBUG - Response for getUpdates: [200] "'{"ok":true,"result":[]}'"
2023-05-27 12:21:42,106 - DEBUG - Make request: "getUpdates" with data: "{'offset': 982193322, 'timeout': 20}" and files "None"
2023-05-27 12:22:02,264 - DEBUG - Response for getUpdates: [200] "'{"ok":true,"result":[]}'"
2023-05-27 12:22:02,378 - DEBUG - Make request: "getUpdates" with data: "{'offset': 982193322, 'timeout': 20}" and files "None"
2023-05-27 12:22:22,538 - DEBUG - Response for getUpdates: [200] "'{"ok":true,"result":[]}'"
2023-05-27 12:22:22,648 - DEBUG - Make request: "getUpdates" with data: "{'offset': 982193322, 'timeout': 20}" and files "None"
2023-05-27 12:22:42,711 - DEBUG - Response for getUpdates: [200] "'{"ok":true,"result":[]}'"
2023-05-27 12:22:42,817 - DEBUG - Make request: "getUpdates" with data: "{'offset': 982193322, 'timeout': 20}" and files "None"
2023-05-27 12:23:02,883 - DEBUG - Response for getUpdates: [200] "'{"ok":true,"result":[]}'"
2023-05-27 12:23:02,985 - DEBUG - Make request: "getUpdates" with data: "{'offset': 982193322, 'timeout': 20}" and files "None"
2023-05-27 12:23:23,055 - DEBUG - Response for getUpdates: [200] "'{"ok":true,"result":[]}'"
2023-05-27 12:23:23,159 - DEBUG - Make request: "getUpdates" with data: "{'offset': 982193322, 'timeout': 20}" and files "None"
2023-05-27 12:23:43,329 - DEBUG - Response for getUpdates: [200] "'{"ok":true,"result":[]}'"
2023-05-27 12:23:43,431 - DEBUG - Make request: "getUpdates" with data: "{'offset': 982193322, 'timeout': 20}" and files "None"
2023-05-27 12:24:03,487 - DEBUG - Response for getUpdates: [200] "'{"ok":true,"result":[]}'"
2023-05-27 12:24:03,591 - DEBUG - Make request: "getUpdates" with data: "{'offset': 982193322, 'timeout': 20}" and files "None"
2023-05-27 12:24:23,675 - DEBUG - Response for getUpdates: [200] "'{"ok":true,"result":[]}'"
2023-05-27 12:24:23,792 - DEBUG - Make request: "getUpdates" with data: "{'offset': 982193322, 'timeout': 20}" and files "None"
2023-05-27 12:24:43,951 - DEBUG - Response for getUpdates: [200] "'{"ok":true,"result":[]}'"
2023-05-27 12:24:44,059 - DEBUG - Make request: "getUpdates" with data: "{'offset': 982193322, 'timeout': 20}" and files "None"
2023-05-27 12:25:04,115 - DEBUG - Response for getUpdates: [200] "'{"ok":true,"result":[]}'"
2023-05-27 12:25:04,222 - DEBUG - Make request: "getUpdates" with data: "{'offset': 982193322, 'timeout': 20}" and files "None"
2023-05-27 12:25:24,302 - DEBUG - Response for getUpdates: [200] "'{"ok":true,"result":[]}'"
2023-05-27 12:25:24,430 - DEBUG - Make request: "getUpdates" with data: "{'offset': 982193322, 'timeout': 20}" and files "None"
2023-05-27 12:25:44,510 - DEBUG - Response for getUpdates: [200] "'{"ok":true,"result":[]}'"
2023-05-27 12:25:44,614 - DEBUG - Make request: "getUpdates" with data: "{'offset': 982193322, 'timeout': 20}" and files "None"
2023-05-27 12:26:04,740 - DEBUG - Response for getUpdates: [200] "'{"ok":true,"result":[]}'"
2023-05-27 12:26:04,850 - DEBUG - Make request: "getUpdates" with data: "{'offset': 982193322, 'timeout': 20}" and files "None"
2023-05-27 12:26:24,913 - DEBUG - Response for getUpdates: [200] "'{"ok":true,"result":[]}'"
2023-05-27 12:26:25,023 - DEBUG - Make request: "getUpdates" with data: "{'offset': 982193322, 'timeout': 20}" and files "None"
2023-05-27 12:26:45,185 - DEBUG - Response for getUpdates: [200] "'{"ok":true,"result":[]}'"
2023-05-27 12:26:45,297 - DEBUG - Make request: "getUpdates" with data: "{'offset': 982193322, 'timeout': 20}" and files "None"
2023-05-27 12:27:05,361 - DEBUG - Response for getUpdates: [200] "'{"ok":true,"result":[]}'"
2023-05-27 12:27:05,463 - DEBUG - Make request: "getUpdates" with data: "{'offset': 982193322, 'timeout': 20}" and files "None"
2023-05-27 12:27:25,633 - DEBUG - Response for getUpdates: [200] "'{"ok":true,"result":[]}'"
2023-05-27 12:27:25,745 - DEBUG - Make request: "getUpdates" with data: "{'offset': 982193322, 'timeout': 20}" and files "None"
2023-05-27 12:27:45,907 - DEBUG - Response for getUpdates: [200] "'{"ok":true,"result":[]}'"
2023-05-27 12:27:46,016 - DEBUG - Make request: "getUpdates" with data: "{'offset': 982193322, 'timeout': 20}" and files "None"
2023-05-27 12:28:06,078 - DEBUG - Response for getUpdates: [200] "'{"ok":true,"result":[]}'"
2023-05-27 12:28:06,193 - DEBUG - Make request: "getUpdates" with data: "{'offset': 982193322, 'timeout': 20}" and files "None"
2023-05-27 12:28:26,354 - DEBUG - Response for getUpdates: [200] "'{"ok":true,"result":[]}'"
2023-05-27 12:28:26,466 - DEBUG - Make request: "getUpdates" with data: "{'offset': 982193322, 'timeout': 20}" and files "None"
2023-05-27 12:28:46,527 - DEBUG - Response for getUpdates: [200] "'{"ok":true,"result":[]}'"
2023-05-27 12:28:46,635 - DEBUG - Make request: "getUpdates" with data: "{'offset': 982193322, 'timeout': 20}" and files "None"
2023-05-27 12:29:06,699 - DEBUG - Response for getUpdates: [200] "'{"ok":true,"result":[]}'"
2023-05-27 12:29:06,810 - DEBUG - Make request: "getUpdates" with data: "{'offset': 982193322, 'timeout': 20}" and files "None"
2023-05-27 12:29:26,869 - DEBUG - Response for getUpdates: [200] "'{"ok":true,"result":[]}'"
2023-05-27 12:29:26,977 - DEBUG - Make request: "getUpdates" with data: "{'offset': 982193322, 'timeout': 20}" and files "None"
2023-05-27 12:29:47,041 - DEBUG - Response for getUpdates: [200] "'{"ok":true,"result":[]}'"
2023-05-27 12:29:47,155 - DEBUG - Make request: "getUpdates" with data: "{'offset': 982193322, 'timeout': 20}" and files "None"
2023-05-27 12:30:07,315 - DEBUG - Response for getUpdates: [200] "'{"ok":true,"result":[]}'"
2023-05-27 12:30:07,421 - DEBUG - Make request: "getUpdates" with data: "{'offset': 982193322, 'timeout': 20}" and files "None"
2023-05-27 12:30:27,491 - DEBUG - Response for getUpdates: [200] "'{"ok":true,"result":[]}'"
2023-05-27 12:30:27,604 - DEBUG - Make request: "getUpdates" with data: "{'offset': 982193322, 'timeout': 20}" and files "None"
2023-05-27 12:30:47,762 - DEBUG - Response for getUpdates: [200] "'{"ok":true,"result":[]}'"
2023-05-27 12:30:47,872 - DEBUG - Make request: "getUpdates" with data: "{'offset': 982193322, 'timeout': 20}" and files "None"
2023-05-27 12:31:07,934 - DEBUG - Response for getUpdates: [200] "'{"ok":true,"result":[]}'"
2023-05-27 12:31:08,035 - DEBUG - Make request: "getUpdates" with data: "{'offset': 982193322, 'timeout': 20}" and files "None"
2023-05-27 12:31:28,105 - DEBUG - Response for getUpdates: [200] "'{"ok":true,"result":[]}'"
2023-05-27 12:31:28,216 - DEBUG - Make request: "getUpdates" with data: "{'offset': 982193322, 'timeout': 20}" and files "None"
2023-05-27 12:31:48,278 - DEBUG - Response for getUpdates: [200] "'{"ok":true,"result":[]}'"
2023-05-27 12:31:48,381 - DEBUG - Make request: "getUpdates" with data: "{'offset': 982193322, 'timeout': 20}" and files "None"
2023-05-27 12:32:08,450 - DEBUG - Response for getUpdates: [200] "'{"ok":true,"result":[]}'"
2023-05-27 12:32:08,556 - DEBUG - Make request: "getUpdates" with data: "{'offset': 982193322, 'timeout': 20}" and files "None"
2023-05-27 12:32:28,624 - DEBUG - Response for getUpdates: [200] "'{"ok":true,"result":[]}'"
2023-05-27 12:32:28,730 - DEBUG - Make request: "getUpdates" with data: "{'offset': 982193322, 'timeout': 20}" and files "None"
2023-05-27 12:32:48,793 - DEBUG - Response for getUpdates: [200] "'{"ok":true,"result":[]}'"
2023-05-27 12:32:48,906 - DEBUG - Make request: "getUpdates" with data: "{'offset': 982193322, 'timeout': 20}" and files "None"
2023-05-27 12:33:08,974 - DEBUG - Response for getUpdates: [200] "'{"ok":true,"result":[]}'"
2023-05-27 12:33:09,079 - DEBUG - Make request: "getUpdates" with data: "{'offset': 982193322, 'timeout': 20}" and files "None"
2023-05-27 12:33:29,141 - DEBUG - Response for getUpdates: [200] "'{"ok":true,"result":[]}'"
2023-05-27 12:33:29,248 - DEBUG - Make request: "getUpdates" with data: "{'offset': 982193322, 'timeout': 20}" and files "None"
2023-05-27 12:33:49,310 - DEBUG - Response for getUpdates: [200] "'{"ok":true,"result":[]}'"
2023-05-27 12:33:49,427 - DEBUG - Make request: "getUpdates" with data: "{'offset': 982193322, 'timeout': 20}" and files "None"
2023-05-27 12:34:09,585 - DEBUG - Response for getUpdates: [200] "'{"ok":true,"result":[]}'"
2023-05-27 12:34:09,698 - DEBUG - Make request: "getUpdates" with data: "{'offset': 982193322, 'timeout': 20}" and files "None"
2023-05-27 12:34:29,860 - DEBUG - Response for getUpdates: [200] "'{"ok":true,"result":[]}'"
2023-05-27 12:34:29,964 - DEBUG - Make request: "getUpdates" with data: "{'offset': 982193322, 'timeout': 20}" and files "None"
2023-05-27 12:34:50,031 - DEBUG - Response for getUpdates: [200] "'{"ok":true,"result":[]}'"
2023-05-27 12:34:50,137 - DEBUG - Make request: "getUpdates" with data: "{'offset': 982193322, 'timeout': 20}" and files "None"
2023-05-27 12:35:10,206 - DEBUG - Response for getUpdates: [200] "'{"ok":true,"result":[]}'"
2023-05-27 12:35:10,321 - DEBUG - Make request: "getUpdates" with data: "{'offset': 982193322, 'timeout': 20}" and files "None"
2023-05-27 12:35:30,378 - DEBUG - Response for getUpdates: [200] "'{"ok":true,"result":[]}'"
2023-05-27 12:35:30,479 - DEBUG - Make request: "getUpdates" with data: "{'offset': 982193322, 'timeout': 20}" and files "None"
2023-05-27 12:35:50,548 - DEBUG - Response for getUpdates: [200] "'{"ok":true,"result":[]}'"
2023-05-27 12:35:50,664 - DEBUG - Make request: "getUpdates" with data: "{'offset': 982193322, 'timeout': 20}" and files "None"
2023-05-27 12:36:10,822 - DEBUG - Response for getUpdates: [200] "'{"ok":true,"result":[]}'"
2023-05-27 12:36:10,934 - DEBUG - Make request: "getUpdates" with data: "{'offset': 982193322, 'timeout': 20}" and files "None"
2023-05-27 12:36:30,994 - DEBUG - Response for getUpdates: [200] "'{"ok":true,"result":[]}'"
2023-05-27 12:36:31,110 - DEBUG - Make request: "getUpdates" with data: "{'offset': 982193322, 'timeout': 20}" and files "None"
2023-05-27 12:36:51,172 - DEBUG - Response for getUpdates: [200] "'{"ok":true,"result":[]}'"
2023-05-27 12:36:51,277 - DEBUG - Make request: "getUpdates" with data: "{'offset': 982193322, 'timeout': 20}" and files "None"
2023-05-27 12:37:11,339 - DEBUG - Response for getUpdates: [200] "'{"ok":true,"result":[]}'"
2023-05-27 12:37:11,448 - DEBUG - Make request: "getUpdates" with data: "{'offset': 982193322, 'timeout': 20}" and files "None"
2023-05-27 12:37:31,511 - DEBUG - Response for getUpdates: [200] "'{"ok":true,"result":[]}'"
2023-05-27 12:37:31,616 - DEBUG - Make request: "getUpdates" with data: "{'offset': 982193322, 'timeout': 20}" and files "None"
2023-05-27 12:37:51,683 - DEBUG - Response for getUpdates: [200] "'{"ok":true,"result":[]}'"
2023-05-27 12:37:51,785 - DEBUG - Make request: "getUpdates" with data: "{'offset': 982193322, 'timeout': 20}" and files "None"
2023-05-27 12:38:11,857 - DEBUG - Response for getUpdates: [200] "'{"ok":true,"result":[]}'"
2023-05-27 12:38:11,964 - DEBUG - Make request: "getUpdates" with data: "{'offset': 982193322, 'timeout': 20}" and files "None"
2023-05-27 12:38:32,028 - DEBUG - Response for getUpdates: [200] "'{"ok":true,"result":[]}'"
2023-05-27 12:38:32,132 - DEBUG - Make request: "getUpdates" with data: "{'offset': 982193322, 'timeout': 20}" and files "None"
2023-05-27 12:38:52,200 - DEBUG - Response for getUpdates: [200] "'{"ok":true,"result":[]}'"
2023-05-27 12:38:52,301 - DEBUG - Make request: "getUpdates" with data: "{'offset': 982193322, 'timeout': 20}" and files "None"
2023-05-27 12:39:12,474 - DEBUG - Response for getUpdates: [200] "'{"ok":true,"result":[]}'"
2023-05-27 12:39:12,577 - DEBUG - Make request: "getUpdates" with data: "{'offset': 982193322, 'timeout': 20}" and files "None"
2023-05-27 12:39:32,648 - DEBUG - Response for getUpdates: [200] "'{"ok":true,"result":[]}'"
2023-05-27 12:39:32,753 - DEBUG - Make request: "getUpdates" with data: "{'offset': 982193322, 'timeout': 20}" and files "None"
2023-05-27 12:39:52,819 - DEBUG - Response for getUpdates: [200] "'{"ok":true,"result":[]}'"
2023-05-27 12:39:52,928 - DEBUG - Make request: "getUpdates" with data: "{'offset': 982193322, 'timeout': 20}" and files "None"
2023-05-27 12:40:12,991 - DEBUG - Response for getUpdates: [200] "'{"ok":true,"result":[]}'"
2023-05-27 12:40:13,103 - DEBUG - Make request: "getUpdates" with data: "{'offset': 982193322, 'timeout': 20}" and files "None"
2023-05-27 12:40:33,162 - DEBUG - Response for getUpdates: [200] "'{"ok":true,"result":[]}'"
2023-05-27 12:40:33,266 - DEBUG - Make request: "getUpdates" with data: "{'offset': 982193322, 'timeout': 20}" and files "None"
2023-05-27 12:40:53,337 - DEBUG - Response for getUpdates: [200] "'{"ok":true,"result":[]}'"
2023-05-27 12:40:53,451 - DEBUG - Make request: "getUpdates" with data: "{'offset': 982193322, 'timeout': 20}" and files "None"
2023-05-27 12:41:13,607 - DEBUG - Response for getUpdates: [200] "'{"ok":true,"result":[]}'"
2023-05-27 12:41:13,719 - DEBUG - Make request: "getUpdates" with data: "{'offset': 982193322, 'timeout': 20}" and files "None"
2023-05-27 12:41:33,787 - DEBUG - Response for getUpdates: [200] "'{"ok":true,"result":[]}'"
2023-05-27 12:41:33,902 - DEBUG - Make request: "getUpdates" with data: "{'offset': 982193322, 'timeout': 20}" and files "None"
2023-05-27 12:41:54,054 - DEBUG - Response for getUpdates: [200] "'{"ok":true,"result":[]}'"
2023-05-27 12:41:54,168 - DEBUG - Make request: "getUpdates" with data: "{'offset': 982193322, 'timeout': 20}" and files "None"
2023-05-27 12:42:14,227 - DEBUG - Response for getUpdates: [200] "'{"ok":true,"result":[]}'"
2023-05-27 12:42:14,331 - DEBUG - Make request: "getUpdates" with data: "{'offset': 982193322, 'timeout': 20}" and files "None"
2023-05-27 12:42:34,398 - DEBUG - Response for getUpdates: [200] "'{"ok":true,"result":[]}'"
2023-05-27 12:42:34,507 - DEBUG - Make request: "getUpdates" with data: "{'offset': 982193322, 'timeout': 20}" and files "None"
2023-05-27 12:42:54,674 - DEBUG - Response for getUpdates: [200] "'{"ok":true,"result":[]}'"
2023-05-27 12:42:54,782 - DEBUG - Make request: "getUpdates" with data: "{'offset': 982193322, 'timeout': 20}" and files "None"
2023-05-27 12:43:14,845 - DEBUG - Response for getUpdates: [200] "'{"ok":true,"result":[]}'"
2023-05-27 12:43:14,948 - DEBUG - Make request: "getUpdates" with data: "{'offset': 982193322, 'timeout': 20}" and files "None"
2023-05-27 12:43:35,018 - DEBUG - Response for getUpdates: [200] "'{"ok":true,"result":[]}'"
2023-05-27 12:43:35,127 - DEBUG - Make request: "getUpdates" with data: "{'offset': 982193322, 'timeout': 20}" and files "None"
2023-05-27 12:43:55,309 - DEBUG - Response for getUpdates: [200] "'{"ok":true,"result":[]}'"
2023-05-27 12:43:55,411 - DEBUG - Make request: "getUpdates" with data: "{'offset': 982193322, 'timeout': 20}" and files "None"
2023-05-27 12:44:15,465 - DEBUG - Response for getUpdates: [200] "'{"ok":true,"result":[]}'"
2023-05-27 12:44:15,574 - DEBUG - Make request: "getUpdates" with data: "{'offset': 982193322, 'timeout': 20}" and files "None"
2023-05-27 12:44:35,636 - DEBUG - Response for getUpdates: [200] "'{"ok":true,"result":[]}'"
2023-05-27 12:44:35,746 - DEBUG - Make request: "getUpdates" with data: "{'offset': 982193322, 'timeout': 20}" and files "None"
2023-05-27 12:44:55,844 - DEBUG - Response for getUpdates: [200] "'{"ok":true,"result":[]}'"
2023-05-27 12:44:55,952 - DEBUG - Make request: "getUpdates" with data: "{'offset': 982193322, 'timeout': 20}" and files "None"
2023-05-27 12:45:16,083 - DEBUG - Response for getUpdates: [200] "'{"ok":true,"result":[]}'"
2023-05-27 12:45:16,198 - DEBUG - Make request: "getUpdates" with data: "{'offset': 982193322, 'timeout': 20}" and files "None"
2023-05-27 12:45:36,358 - DEBUG - Response for getUpdates: [200] "'{"ok":true,"result":[]}'"
2023-05-27 12:45:36,469 - DEBUG - Make request: "getUpdates" with data: "{'offset': 982193322, 'timeout': 20}" and files "None"
2023-05-27 12:45:56,552 - DEBUG - Response for getUpdates: [200] "'{"ok":true,"result":[]}'"
2023-05-27 12:45:56,654 - DEBUG - Make request: "getUpdates" with data: "{'offset': 982193322, 'timeout': 20}" and files "None"
2023-05-27 12:46:16,804 - DEBUG - Response for getUpdates: [200] "'{"ok":true,"result":[]}'"
2023-05-27 12:46:16,916 - DEBUG - Make request: "getUpdates" with data: "{'offset': 982193322, 'timeout': 20}" and files "None"
2023-05-27 12:46:37,184 - DEBUG - Response for getUpdates: [200] "'{"ok":true,"result":[]}'"
2023-05-27 12:46:37,291 - DEBUG - Make request: "getUpdates" with data: "{'offset': 982193322, 'timeout': 20}" and files "None"
2023-05-27 12:46:57,355 - DEBUG - Response for getUpdates: [200] "'{"ok":true,"result":[]}'"
2023-05-27 12:46:57,463 - DEBUG - Make request: "getUpdates" with data: "{'offset': 982193322, 'timeout': 20}" and files "None"
2023-05-27 12:47:17,629 - DEBUG - Response for getUpdates: [200] "'{"ok":true,"result":[]}'"
2023-05-27 12:47:17,734 - DEBUG - Make request: "getUpdates" with data: "{'offset': 982193322, 'timeout': 20}" and files "None"
2023-05-27 12:47:37,800 - DEBUG - Response for getUpdates: [200] "'{"ok":true,"result":[]}'"
2023-05-27 12:47:37,902 - DEBUG - Make request: "getUpdates" with data: "{'offset': 982193322, 'timeout': 20}" and files "None"
2023-05-27 12:47:57,978 - DEBUG - Response for getUpdates: [200] "'{"ok":true,"result":[]}'"
2023-05-27 12:47:58,084 - DEBUG - Make request: "getUpdates" with data: "{'offset': 982193322, 'timeout': 20}" and files "None"
2023-05-27 12:48:18,143 - DEBUG - Response for getUpdates: [200] "'{"ok":true,"result":[]}'"
2023-05-27 12:48:18,251 - DEBUG - Make request: "getUpdates" with data: "{'offset': 982193322, 'timeout': 20}" and files "None"
2023-05-27 12:48:38,318 - DEBUG - Response for getUpdates: [200] "'{"ok":true,"result":[]}'"
2023-05-27 12:48:38,420 - DEBUG - Make request: "getUpdates" with data: "{'offset': 982193322, 'timeout': 20}" and files "None"
2023-05-27 12:48:58,487 - DEBUG - Response for getUpdates: [200] "'{"ok":true,"result":[]}'"
2023-05-27 12:48:58,597 - DEBUG - Make request: "getUpdates" with data: "{'offset': 982193322, 'timeout': 20}" and files "None"
2023-05-27 12:49:18,659 - DEBUG - Response for getUpdates: [200] "'{"ok":true,"result":[]}'"
2023-05-27 12:49:18,772 - DEBUG - Make request: "getUpdates" with data: "{'offset': 982193322, 'timeout': 20}" and files "None"
2023-05-27 12:49:38,832 - DEBUG - Response for getUpdates: [200] "'{"ok":true,"result":[]}'"
2023-05-27 12:49:38,947 - DEBUG - Make request: "getUpdates" with data: "{'offset': 982193322, 'timeout': 20}" and files "None"
2023-05-27 12:49:59,004 - DEBUG - Response for getUpdates: [200] "'{"ok":true,"result":[]}'"
2023-05-27 12:49:59,111 - DEBUG - Make request: "getUpdates" with data: "{'offset': 982193322, 'timeout': 20}" and files "None"
2023-05-27 12:50:19,177 - DEBUG - Response for getUpdates: [200] "'{"ok":true,"result":[]}'"
2023-05-27 12:50:19,290 - DEBUG - Make request: "getUpdates" with data: "{'offset': 982193322, 'timeout': 20}" and files "None"
2023-05-27 12:50:39,347 - DEBUG - Response for getUpdates: [200] "'{"ok":true,"result":[]}'"
2023-05-27 12:50:39,460 - DEBUG - Make request: "getUpdates" with data: "{'offset': 982193322, 'timeout': 20}" and files "None"
2023-05-27 12:50:59,520 - DEBUG - Response for getUpdates: [200] "'{"ok":true,"result":[]}'"
2023-05-27 12:50:59,622 - DEBUG - Make request: "getUpdates" with data: "{'offset': 982193322, 'timeout': 20}" and files "None"
2023-05-27 12:51:19,694 - DEBUG - Response for getUpdates: [200] "'{"ok":true,"result":[]}'"
2023-05-27 12:51:19,807 - DEBUG - Make request: "getUpdates" with data: "{'offset': 982193322, 'timeout': 20}" and files "None"
2023-05-27 12:51:39,865 - DEBUG - Response for getUpdates: [200] "'{"ok":true,"result":[]}'"
2023-05-27 12:51:39,974 - DEBUG - Make request: "getUpdates" with data: "{'offset': 982193322, 'timeout': 20}" and files "None"
2023-05-27 12:52:00,039 - DEBUG - Response for getUpdates: [200] "'{"ok":true,"result":[]}'"
2023-05-27 12:52:00,147 - DEBUG - Make request: "getUpdates" with data: "{'offset': 982193322, 'timeout': 20}" and files "None"
2023-05-27 12:52:20,210 - DEBUG - Response for getUpdates: [200] "'{"ok":true,"result":[]}'"
2023-05-27 12:52:20,314 - DEBUG - Make request: "getUpdates" with data: "{'offset': 982193322, 'timeout': 20}" and files "None"
2023-05-27 12:52:40,380 - DEBUG - Response for getUpdates: [200] "'{"ok":true,"result":[]}'"
2023-05-27 12:52:40,485 - DEBUG - Make request: "getUpdates" with data: "{'offset': 982193322, 'timeout': 20}" and files "None"
2023-05-27 12:53:00,552 - DEBUG - Response for getUpdates: [200] "'{"ok":true,"result":[]}'"
2023-05-27 12:53:00,655 - DEBUG - Make request: "getUpdates" with data: "{'offset': 982193322, 'timeout': 20}" and files "None"
2023-05-27 12:53:20,725 - DEBUG - Response for getUpdates: [200] "'{"ok":true,"result":[]}'"
2023-05-27 12:53:20,835 - DEBUG - Make request: "getUpdates" with data: "{'offset': 982193322, 'timeout': 20}" and files "None"
2023-05-27 12:53:40,896 - DEBUG - Response for getUpdates: [200] "'{"ok":true,"result":[]}'"
2023-05-27 12:53:41,004 - DEBUG - Make request: "getUpdates" with data: "{'offset': 982193322, 'timeout': 20}" and files "None"
2023-05-27 12:54:01,070 - DEBUG - Response for getUpdates: [200] "'{"ok":true,"result":[]}'"
2023-05-27 12:54:01,171 - DEBUG - Make request: "getUpdates" with data: "{'offset': 982193322, 'timeout': 20}" and files "None"
2023-05-27 12:54:21,247 - DEBUG - Response for getUpdates: [200] "'{"ok":true,"result":[]}'"
2023-05-27 12:54:21,353 - DEBUG - Make request: "getUpdates" with data: "{'offset': 982193322, 'timeout': 20}" and files "None"
2023-05-27 12:54:41,421 - DEBUG - Response for getUpdates: [200] "'{"ok":true,"result":[]}'"
2023-05-27 12:54:41,530 - DEBUG - Make request: "getUpdates" with data: "{'offset': 982193322, 'timeout': 20}" and files "None"
2023-05-27 12:55:01,689 - DEBUG - Response for getUpdates: [200] "'{"ok":true,"result":[]}'"
2023-05-27 12:55:01,792 - DEBUG - Make request: "getUpdates" with data: "{'offset': 982193322, 'timeout': 20}" and files "None"
2023-05-27 12:55:21,866 - DEBUG - Response for getUpdates: [200] "'{"ok":true,"result":[]}'"
2023-05-27 12:55:21,981 - DEBUG - Make request: "getUpdates" with data: "{'offset': 982193322, 'timeout': 20}" and files "None"
2023-05-27 12:55:42,135 - DEBUG - Response for getUpdates: [200] "'{"ok":true,"result":[]}'"
2023-05-27 12:55:42,237 - DEBUG - Make request: "getUpdates" with data: "{'offset': 982193322, 'timeout': 20}" and files "None"
2023-05-27 12:56:02,307 - DEBUG - Response for getUpdates: [200] "'{"ok":true,"result":[]}'"
2023-05-27 12:56:02,414 - DEBUG - Make request: "getUpdates" with data: "{'offset': 982193322, 'timeout': 20}" and files "None"
2023-05-27 12:56:22,479 - DEBUG - Response for getUpdates: [200] "'{"ok":true,"result":[]}'"
2023-05-27 12:56:22,582 - DEBUG - Make request: "getUpdates" with data: "{'offset': 982193322, 'timeout': 20}" and files "None"
2023-05-27 12:56:42,650 - DEBUG - Response for getUpdates: [200] "'{"ok":true,"result":[]}'"
2023-05-27 12:56:42,754 - DEBUG - Make request: "getUpdates" with data: "{'offset': 982193322, 'timeout': 20}" and files "None"
2023-05-27 12:57:02,823 - DEBUG - Response for getUpdates: [200] "'{"ok":true,"result":[]}'"
2023-05-27 12:57:02,939 - DEBUG - Make request: "getUpdates" with data: "{'offset': 982193322, 'timeout': 20}" and files "None"
2023-05-27 12:57:23,098 - DEBUG - Response for getUpdates: [200] "'{"ok":true,"result":[]}'"
2023-05-27 12:57:23,206 - DEBUG - Make request: "getUpdates" with data: "{'offset': 982193322, 'timeout': 20}" and files "None"
2023-05-27 12:57:43,274 - DEBUG - Response for getUpdates: [200] "'{"ok":true,"result":[]}'"
2023-05-27 12:57:43,383 - DEBUG - Make request: "getUpdates" with data: "{'offset': 982193322, 'timeout': 20}" and files "None"
2023-05-27 12:58:03,442 - DEBUG - Response for getUpdates: [200] "'{"ok":true,"result":[]}'"
2023-05-27 12:58:03,556 - DEBUG - Make request: "getUpdates" with data: "{'offset': 982193322, 'timeout': 20}" and files "None"
2023-05-27 12:58:23,617 - DEBUG - Response for getUpdates: [200] "'{"ok":true,"result":[]}'"
2023-05-27 12:58:23,727 - DEBUG - Make request: "getUpdates" with data: "{'offset': 982193322, 'timeout': 20}" and files "None"
2023-05-27 12:58:43,780 - DEBUG - Response for getUpdates: [200] "'{"ok":true,"result":[]}'"
2023-05-27 12:58:43,886 - DEBUG - Make request: "getUpdates" with data: "{'offset': 982193322, 'timeout': 20}" and files "None"
2023-05-27 12:59:03,963 - DEBUG - Response for getUpdates: [200] "'{"ok":true,"result":[]}'"
2023-05-27 12:59:04,066 - DEBUG - Make request: "getUpdates" with data: "{'offset': 982193322, 'timeout': 20}" and files "None"
2023-05-27 12:59:24,141 - DEBUG - Response for getUpdates: [200] "'{"ok":true,"result":[]}'"
2023-05-27 12:59:24,256 - DEBUG - Make request: "getUpdates" with data: "{'offset': 982193322, 'timeout': 20}" and files "None"
2023-05-27 12:59:44,406 - DEBUG - Response for getUpdates: [200] "'{"ok":true,"result":[]}'"
2023-05-27 12:59:44,517 - DEBUG - Make request: "getUpdates" with data: "{'offset': 982193322, 'timeout': 20}" and files "None"
2023-05-27 13:00:04,569 - DEBUG - Response for getUpdates: [200] "'{"ok":true,"result":[]}'"
2023-05-27 13:00:04,682 - DEBUG - Make request: "getUpdates" with data: "{'offset': 982193322, 'timeout': 20}" and files "None"
2023-05-27 13:00:24,750 - DEBUG - Response for getUpdates: [200] "'{"ok":true,"result":[]}'"
2023-05-27 13:00:24,855 - DEBUG - Make request: "getUpdates" with data: "{'offset': 982193322, 'timeout': 20}" and files "None"
2023-05-27 13:00:44,920 - DEBUG - Response for getUpdates: [200] "'{"ok":true,"result":[]}'"
2023-05-27 13:00:45,027 - DEBUG - Make request: "getUpdates" with data: "{'offset': 982193322, 'timeout': 20}" and files "None"
2023-05-27 13:01:05,092 - DEBUG - Response for getUpdates: [200] "'{"ok":true,"result":[]}'"
2023-05-27 13:01:05,205 - DEBUG - Make request: "getUpdates" with data: "{'offset': 982193322, 'timeout': 20}" and files "None"
2023-05-27 13:01:25,264 - DEBUG - Response for getUpdates: [200] "'{"ok":true,"result":[]}'"
2023-05-27 13:01:25,370 - DEBUG - Make request: "getUpdates" with data: "{'offset': 982193322, 'timeout': 20}" and files "None"
2023-05-27 13:01:45,440 - DEBUG - Response for getUpdates: [200] "'{"ok":true,"result":[]}'"
2023-05-27 13:01:45,556 - DEBUG - Make request: "getUpdates" with data: "{'offset': 982193322, 'timeout': 20}" and files "None"
2023-05-27 13:02:05,713 - DEBUG - Response for getUpdates: [200] "'{"ok":true,"result":[]}'"
2023-05-27 13:02:05,823 - DEBUG - Make request: "getUpdates" with data: "{'offset': 982193322, 'timeout': 20}" and files "None"
2023-05-27 13:02:25,884 - DEBUG - Response for getUpdates: [200] "'{"ok":true,"result":[]}'"
2023-05-27 13:02:25,999 - DEBUG - Make request: "getUpdates" with data: "{'offset': 982193322, 'timeout': 20}" and files "None"
2023-05-27 13:02:46,059 - DEBUG - Response for getUpdates: [200] "'{"ok":true,"result":[]}'"
2023-05-27 13:02:46,167 - DEBUG - Make request: "getUpdates" with data: "{'offset': 982193322, 'timeout': 20}" and files "None"
2023-05-27 13:03:06,227 - DEBUG - Response for getUpdates: [200] "'{"ok":true,"result":[]}'"
2023-05-27 13:03:06,335 - DEBUG - Make request: "getUpdates" with data: "{'offset': 982193322, 'timeout': 20}" and files "None"
2023-05-27 13:03:26,399 - DEBUG - Response for getUpdates: [200] "'{"ok":true,"result":[]}'"
2023-05-27 13:03:26,503 - DEBUG - Make request: "getUpdates" with data: "{'offset': 982193322, 'timeout': 20}" and files "None"
2023-05-27 13:03:46,571 - DEBUG - Response for getUpdates: [200] "'{"ok":true,"result":[]}'"
2023-05-27 13:03:46,685 - DEBUG - Make request: "getUpdates" with data: "{'offset': 982193322, 'timeout': 20}" and files "None"
2023-05-27 13:04:06,744 - DEBUG - Response for getUpdates: [200] "'{"ok":true,"result":[]}'"
2023-05-27 13:04:06,848 - DEBUG - Make request: "getUpdates" with data: "{'offset': 982193322, 'timeout': 20}" and files "None"
2023-05-27 13:04:26,916 - DEBUG - Response for getUpdates: [200] "'{"ok":true,"result":[]}'"
2023-05-27 13:04:27,023 - DEBUG - Make request: "getUpdates" with data: "{'offset': 982193322, 'timeout': 20}" and files "None"
2023-05-27 13:04:47,087 - DEBUG - Response for getUpdates: [200] "'{"ok":true,"result":[]}'"
2023-05-27 13:04:47,196 - DEBUG - Make request: "getUpdates" with data: "{'offset': 982193322, 'timeout': 20}" and files "None"
2023-05-27 13:05:07,260 - DEBUG - Response for getUpdates: [200] "'{"ok":true,"result":[]}'"
2023-05-27 13:05:07,367 - DEBUG - Make request: "getUpdates" with data: "{'offset': 982193322, 'timeout': 20}" and files "None"
2023-05-27 13:05:27,433 - DEBUG - Response for getUpdates: [200] "'{"ok":true,"result":[]}'"
2023-05-27 13:05:27,539 - DEBUG - Make request: "getUpdates" with data: "{'offset': 982193322, 'timeout': 20}" and files "None"
2023-05-27 13:05:47,614 - DEBUG - Response for getUpdates: [200] "'{"ok":true,"result":[]}'"
2023-05-27 13:05:47,722 - DEBUG - Make request: "getUpdates" with data: "{'offset': 982193322, 'timeout': 20}" and files "None"
2023-05-27 13:06:07,878 - DEBUG - Response for getUpdates: [200] "'{"ok":true,"result":[]}'"
2023-05-27 13:06:07,987 - DEBUG - Make request: "getUpdates" with data: "{'offset': 982193322, 'timeout': 20}" and files "None"
2023-05-27 13:06:28,053 - DEBUG - Response for getUpdates: [200] "'{"ok":true,"result":[]}'"
2023-05-27 13:06:28,165 - DEBUG - Make request: "getUpdates" with data: "{'offset': 982193322, 'timeout': 20}" and files "None"
2023-05-27 13:06:48,218 - DEBUG - Response for getUpdates: [200] "'{"ok":true,"result":[]}'"
2023-05-27 13:06:48,324 - DEBUG - Make request: "getUpdates" with data: "{'offset': 982193322, 'timeout': 20}" and files "None"
2023-05-27 13:06:56,560 - INFO - Stop polling...
2023-05-27 13:06:56,561 - WARNING - Goodbye!
